CRITICAL - 2024-02-28 01:00:59 --> Invalid file: login/view.php
#0 C:\xampp\htdocs\ukk_christianporang\system\View\View.php(198): CodeIgniter\Exceptions\FrameworkException::forInvalidFile('login/view.php')
#1 C:\xampp\htdocs\ukk_christianporang\system\Common.php(1089): CodeIgniter\View\View->render('login/view', Array, true)
#2 C:\xampp\htdocs\ukk_christianporang\app\Controllers\Home.php(20): view('login/view')
#3 C:\xampp\htdocs\ukk_christianporang\system\CodeIgniter.php(832): App\Controllers\Home->index()
#4 C:\xampp\htdocs\ukk_christianporang\system\CodeIgniter.php(419): CodeIgniter\CodeIgniter->runController(Object(App\Controllers\Home))
#5 C:\xampp\htdocs\ukk_christianporang\system\CodeIgniter.php(326): CodeIgniter\CodeIgniter->handleRequest(NULL, Object(Config\Cache), false)
#6 C:\xampp\htdocs\ukk_christianporang\public\index.php(37): CodeIgniter\CodeIgniter->run()
#7 C:\xampp\htdocs\ukk_christianporang\system\Commands\Server\rewrite.php(43): require_once('C:\\xampp\\htdocs...')
#8 {main}
ERROR - 2024-02-28 02:02:56 --> Unknown column 'user_id' in 'where clause'
CRITICAL - 2024-02-28 02:02:56 --> Call to a member function getResult() on bool
#0 C:\xampp\htdocs\ukk_christianporang\system\BaseModel.php(584): CodeIgniter\Model->doFindAll(0, 0)
#1 C:\xampp\htdocs\ukk_christianporang\app\Models\AlbumModel.php(15): CodeIgniter\BaseModel->findAll()
#2 C:\xampp\htdocs\ukk_christianporang\app\Controllers\acc.php(20): App\Models\AlbumModel->getAlbumsByUser('2')
#3 C:\xampp\htdocs\ukk_christianporang\system\CodeIgniter.php(832): App\Controllers\acc->index()
#4 C:\xampp\htdocs\ukk_christianporang\system\CodeIgniter.php(419): CodeIgniter\CodeIgniter->runController(Object(App\Controllers\acc))
#5 C:\xampp\htdocs\ukk_christianporang\system\CodeIgniter.php(326): CodeIgniter\CodeIgniter->handleRequest(NULL, Object(Config\Cache), false)
#6 C:\xampp\htdocs\ukk_christianporang\public\index.php(37): CodeIgniter\CodeIgniter->run()
#7 C:\xampp\htdocs\ukk_christianporang\system\Commands\Server\rewrite.php(43): require_once('C:\\xampp\\htdocs...')
#8 {main}
ERROR - 2024-02-28 02:04:07 --> Unknown column 'cover' in 'field list'
ERROR - 2024-02-28 02:08:12 --> Unknown column 'user_id' in 'where clause'
CRITICAL - 2024-02-28 02:08:12 --> Call to a member function getResult() on bool
#0 C:\xampp\htdocs\ukk_christianporang\system\BaseModel.php(584): CodeIgniter\Model->doFindAll(0, 0)
#1 C:\xampp\htdocs\ukk_christianporang\app\Models\AlbumModel.php(15): CodeIgniter\BaseModel->findAll()
#2 C:\xampp\htdocs\ukk_christianporang\app\Controllers\acc.php(20): App\Models\AlbumModel->getAlbumsByUser('2')
#3 C:\xampp\htdocs\ukk_christianporang\system\CodeIgniter.php(832): App\Controllers\acc->index()
#4 C:\xampp\htdocs\ukk_christianporang\system\CodeIgniter.php(419): CodeIgniter\CodeIgniter->runController(Object(App\Controllers\acc))
#5 C:\xampp\htdocs\ukk_christianporang\system\CodeIgniter.php(326): CodeIgniter\CodeIgniter->handleRequest(NULL, Object(Config\Cache), false)
#6 C:\xampp\htdocs\ukk_christianporang\public\index.php(37): CodeIgniter\CodeIgniter->run()
#7 C:\xampp\htdocs\ukk_christianporang\system\Commands\Server\rewrite.php(43): require_once('C:\\xampp\\htdocs...')
#8 {main}
ERROR - 2024-02-28 02:08:28 --> Unknown column 'user_id' in 'where clause'
CRITICAL - 2024-02-28 02:08:28 --> Call to a member function getResult() on bool
#0 C:\xampp\htdocs\ukk_christianporang\system\BaseModel.php(584): CodeIgniter\Model->doFindAll(0, 0)
#1 C:\xampp\htdocs\ukk_christianporang\app\Models\AlbumModel.php(15): CodeIgniter\BaseModel->findAll()
#2 C:\xampp\htdocs\ukk_christianporang\app\Controllers\acc.php(20): App\Models\AlbumModel->getAlbumsByUser('2')
#3 C:\xampp\htdocs\ukk_christianporang\system\CodeIgniter.php(832): App\Controllers\acc->index()
#4 C:\xampp\htdocs\ukk_christianporang\system\CodeIgniter.php(419): CodeIgniter\CodeIgniter->runController(Object(App\Controllers\acc))
#5 C:\xampp\htdocs\ukk_christianporang\system\CodeIgniter.php(326): CodeIgniter\CodeIgniter->handleRequest(NULL, Object(Config\Cache), false)
#6 C:\xampp\htdocs\ukk_christianporang\public\index.php(37): CodeIgniter\CodeIgniter->run()
#7 C:\xampp\htdocs\ukk_christianporang\system\Commands\Server\rewrite.php(43): require_once('C:\\xampp\\htdocs...')
#8 {main}
CRITICAL - 2024-02-28 19:21:02 --> Class 'App\Controllers\BaseController' not found
#0 C:\xampp\htdocs\ukk_christianporang\system\Autoloader\Autoloader.php(264): include_once()
#1 C:\xampp\htdocs\ukk_christianporang\system\Autoloader\Autoloader.php(241): CodeIgniter\Autoloader\Autoloader->includeFile('C:\\xampp\\htdocs...')
#2 C:\xampp\htdocs\ukk_christianporang\system\Autoloader\Autoloader.php(219): CodeIgniter\Autoloader\Autoloader->loadInNamespace('App\\Controllers...')
#3 [internal function]: CodeIgniter\Autoloader\Autoloader->loadClass('App\\Controllers...')
#4 [internal function]: spl_autoload_call('App\\Controllers...')
#5 C:\xampp\htdocs\ukk_christianporang\system\CodeIgniter.php(797): class_exists('\\App\\Controller...', true)
#6 C:\xampp\htdocs\ukk_christianporang\system\CodeIgniter.php(406): CodeIgniter\CodeIgniter->startController()
#7 C:\xampp\htdocs\ukk_christianporang\system\CodeIgniter.php(326): CodeIgniter\CodeIgniter->handleRequest(NULL, Object(Config\Cache), false)
#8 C:\xampp\htdocs\ukk_christianporang\public\index.php(37): CodeIgniter\CodeIgniter->run()
#9 C:\xampp\htdocs\ukk_christianporang\system\Commands\Server\rewrite.php(43): require_once('C:\\xampp\\htdocs...')
#10 {main}
CRITICAL - 2024-02-28 19:21:04 --> Class 'App\Controllers\BaseController' not found
#0 C:\xampp\htdocs\ukk_christianporang\system\Autoloader\Autoloader.php(264): include_once()
#1 C:\xampp\htdocs\ukk_christianporang\system\Autoloader\Autoloader.php(241): CodeIgniter\Autoloader\Autoloader->includeFile('C:\\xampp\\htdocs...')
#2 C:\xampp\htdocs\ukk_christianporang\system\Autoloader\Autoloader.php(219): CodeIgniter\Autoloader\Autoloader->loadInNamespace('App\\Controllers...')
#3 [internal function]: CodeIgniter\Autoloader\Autoloader->loadClass('App\\Controllers...')
#4 [internal function]: spl_autoload_call('App\\Controllers...')
#5 C:\xampp\htdocs\ukk_christianporang\system\CodeIgniter.php(797): class_exists('\\App\\Controller...', true)
#6 C:\xampp\htdocs\ukk_christianporang\system\CodeIgniter.php(406): CodeIgniter\CodeIgniter->startController()
#7 C:\xampp\htdocs\ukk_christianporang\system\CodeIgniter.php(326): CodeIgniter\CodeIgniter->handleRequest(NULL, Object(Config\Cache), false)
#8 C:\xampp\htdocs\ukk_christianporang\public\index.php(37): CodeIgniter\CodeIgniter->run()
#9 C:\xampp\htdocs\ukk_christianporang\system\Commands\Server\rewrite.php(43): require_once('C:\\xampp\\htdocs...')
#10 {main}
ERROR - 2024-02-28 19:22:03 --> Error connecting to the database: Unknown database 'gallery'
CRITICAL - 2024-02-28 19:22:03 --> Unable to connect to the database.
Main connection [MySQLi]: Unknown database 'gallery'
#0 C:\xampp\htdocs\ukk_christianporang\system\Database\BaseConnection.php(577): CodeIgniter\Database\BaseConnection->initialize()
#1 C:\xampp\htdocs\ukk_christianporang\system\Database\BaseBuilder.php(1455): CodeIgniter\Database\BaseConnection->query('SELECT *\nFROM `...', Array, false)
#2 C:\xampp\htdocs\ukk_christianporang\app\Models\M_login.php(18): CodeIgniter\Database\BaseBuilder->get()
#3 C:\xampp\htdocs\ukk_christianporang\app\Controllers\Home.php(51): App\Models\M_login->getLoginWithPassword('user', 'a', 'a')
#4 C:\xampp\htdocs\ukk_christianporang\system\CodeIgniter.php(832): App\Controllers\Home->aksi_login()
#5 C:\xampp\htdocs\ukk_christianporang\system\CodeIgniter.php(419): CodeIgniter\CodeIgniter->runController(Object(App\Controllers\Home))
#6 C:\xampp\htdocs\ukk_christianporang\system\CodeIgniter.php(326): CodeIgniter\CodeIgniter->handleRequest(NULL, Object(Config\Cache), false)
#7 C:\xampp\htdocs\ukk_christianporang\public\index.php(37): CodeIgniter\CodeIgniter->run()
#8 C:\xampp\htdocs\ukk_christianporang\system\Commands\Server\rewrite.php(43): require_once('C:\\xampp\\htdocs...')
#9 {main}
ERROR - 2024-02-28 19:22:40 --> Error connecting to the database: Unknown database 'ukk_cp'
CRITICAL - 2024-02-28 19:22:40 --> Unable to connect to the database.
Main connection [MySQLi]: Unknown database 'ukk_cp'
#0 C:\xampp\htdocs\ukk_christianporang\system\Database\BaseConnection.php(577): CodeIgniter\Database\BaseConnection->initialize()
#1 C:\xampp\htdocs\ukk_christianporang\system\Database\BaseBuilder.php(1455): CodeIgniter\Database\BaseConnection->query('SELECT *\nFROM `...', Array, false)
#2 C:\xampp\htdocs\ukk_christianporang\app\Models\M_login.php(18): CodeIgniter\Database\BaseBuilder->get()
#3 C:\xampp\htdocs\ukk_christianporang\app\Controllers\Home.php(51): App\Models\M_login->getLoginWithPassword('user', 'a', 'a')
#4 C:\xampp\htdocs\ukk_christianporang\system\CodeIgniter.php(832): App\Controllers\Home->aksi_login()
#5 C:\xampp\htdocs\ukk_christianporang\system\CodeIgniter.php(419): CodeIgniter\CodeIgniter->runController(Object(App\Controllers\Home))
#6 C:\xampp\htdocs\ukk_christianporang\system\CodeIgniter.php(326): CodeIgniter\CodeIgniter->handleRequest(NULL, Object(Config\Cache), false)
#7 C:\xampp\htdocs\ukk_christianporang\public\index.php(37): CodeIgniter\CodeIgniter->run()
#8 C:\xampp\htdocs\ukk_christianporang\system\Commands\Server\rewrite.php(43): require_once('C:\\xampp\\htdocs...')
#9 {main}
